{"C:\\Users\\Kush\\Desktop\\microProject\\order_service\\src\\repo\\cart_data.ts": {"path":"C:\\Users\\Kush\\Desktop\\microProject\\order_service\\src\\repo\\cart_data.ts","all":false,"statementMap":{"0":{"start":{"line":1,"column":0},"end":{"line":1,"column":0}},"1":{"start":{"line":2,"column":0},"end":{"line":2,"column":39}},"2":{"start":{"line":3,"column":0},"end":{"line":3,"column":52}},"3":{"start":{"line":4,"column":0},"end":{"line":4,"column":25}},"4":{"start":{"line":5,"column":0},"end":{"line":5,"column":41}},"5":{"start":{"line":6,"column":0},"end":{"line":6,"column":41}},"6":{"start":{"line":7,"column":0},"end":{"line":7,"column":34}},"7":{"start":{"line":8,"column":0},"end":{"line":8,"column":58}},"8":{"start":{"line":9,"column":0},"end":{"line":9,"column":39}},"9":{"start":{"line":10,"column":0},"end":{"line":10,"column":1}},"10":{"start":{"line":11,"column":0},"end":{"line":11,"column":0}},"11":{"start":{"line":12,"column":0},"end":{"line":12,"column":37}},"12":{"start":{"line":13,"column":0},"end":{"line":13,"column":4}},"13":{"start":{"line":14,"column":0},"end":{"line":14,"column":47}},"14":{"start":{"line":15,"column":0},"end":{"line":15,"column":27}},"15":{"start":{"line":16,"column":0},"end":{"line":16,"column":20}},"16":{"start":{"line":17,"column":0},"end":{"line":17,"column":20}},"17":{"start":{"line":18,"column":0},"end":{"line":18,"column":18}},"18":{"start":{"line":19,"column":0},"end":{"line":19,"column":41}},"19":{"start":{"line":20,"column":0},"end":{"line":20,"column":5}},"20":{"start":{"line":21,"column":0},"end":{"line":21,"column":47}},"21":{"start":{"line":22,"column":0},"end":{"line":22,"column":8}},"22":{"start":{"line":23,"column":0},"end":{"line":23,"column":56}},"23":{"start":{"line":24,"column":0},"end":{"line":24,"column":5}},"24":{"start":{"line":25,"column":0},"end":{"line":25,"column":41}},"25":{"start":{"line":26,"column":0},"end":{"line":26,"column":32}},"26":{"start":{"line":27,"column":0},"end":{"line":27,"column":5}},"27":{"start":{"line":28,"column":0},"end":{"line":28,"column":65}},"28":{"start":{"line":29,"column":0},"end":{"line":29,"column":31}},"29":{"start":{"line":30,"column":0},"end":{"line":30,"column":14}},"30":{"start":{"line":31,"column":0},"end":{"line":31,"column":9}},"31":{"start":{"line":32,"column":0},"end":{"line":32,"column":5}},"32":{"start":{"line":33,"column":0},"end":{"line":33,"column":41}},"33":{"start":{"line":34,"column":0},"end":{"line":34,"column":56}},"34":{"start":{"line":35,"column":0},"end":{"line":35,"column":5}},"35":{"start":{"line":36,"column":0},"end":{"line":36,"column":4}},"36":{"start":{"line":37,"column":0},"end":{"line":37,"column":1}}},"s":{"0":1,"1":1,"2":1,"3":1,"4":1,"5":1,"6":1,"7":1,"8":1,"9":1,"10":1,"11":1,"12":1,"13":1,"14":1,"15":1,"16":1,"17":1,"18":1,"19":1,"20":1,"21":0,"22":0,"23":0,"24":1,"25":0,"26":0,"27":1,"28":0,"29":0,"30":0,"31":0,"32":1,"33":0,"34":0,"35":1,"36":1},"branchMap":{"0":{"type":"branch","line":14,"loc":{"start":{"line":14,"column":10},"end":{"line":20,"column":5}},"locations":[{"start":{"line":14,"column":10},"end":{"line":20,"column":5}}]}},"b":{"0":[1]},"fnMap":{"0":{"name":"create","decl":{"start":{"line":14,"column":10},"end":{"line":20,"column":5}},"loc":{"start":{"line":14,"column":10},"end":{"line":20,"column":5}},"line":14},"1":{"name":"update","decl":{"start":{"line":21,"column":10},"end":{"line":24,"column":5}},"loc":{"start":{"line":21,"column":10},"end":{"line":24,"column":5}},"line":21},"2":{"name":"delete","decl":{"start":{"line":25,"column":10},"end":{"line":27,"column":5}},"loc":{"start":{"line":25,"column":10},"end":{"line":27,"column":5}},"line":25},"3":{"name":"find","decl":{"start":{"line":28,"column":10},"end":{"line":32,"column":5}},"loc":{"start":{"line":28,"column":10},"end":{"line":32,"column":5}},"line":28},"4":{"name":"findOne","decl":{"start":{"line":33,"column":4},"end":{"line":35,"column":5}},"loc":{"start":{"line":33,"column":4},"end":{"line":35,"column":5}},"line":33}},"f":{"0":1,"1":0,"2":0,"3":0,"4":0}}
,"C:\\Users\\Kush\\Desktop\\microProject\\order_service\\src\\service\\cart_service.ts": {"path":"C:\\Users\\Kush\\Desktop\\microProject\\order_service\\src\\service\\cart_service.ts","all":false,"statementMap":{"0":{"start":{"line":1,"column":0},"end":{"line":1,"column":43}},"1":{"start":{"line":2,"column":0},"end":{"line":2,"column":29}},"2":{"start":{"line":3,"column":0},"end":{"line":3,"column":33}},"3":{"start":{"line":4,"column":0},"end":{"line":4,"column":2}},"4":{"start":{"line":5,"column":0},"end":{"line":5,"column":38}},"5":{"start":{"line":6,"column":0},"end":{"line":6,"column":36}},"6":{"start":{"line":7,"column":0},"end":{"line":7,"column":5}},"7":{"start":{"line":8,"column":0},"end":{"line":8,"column":4}},"8":{"start":{"line":9,"column":0},"end":{"line":9,"column":34}},"9":{"start":{"line":10,"column":0},"end":{"line":10,"column":56}},"10":{"start":{"line":11,"column":0},"end":{"line":11,"column":21}},"11":{"start":{"line":12,"column":0},"end":{"line":12,"column":51}},"12":{"start":{"line":13,"column":0},"end":{"line":13,"column":7}},"13":{"start":{"line":14,"column":0},"end":{"line":14,"column":18}},"14":{"start":{"line":15,"column":0},"end":{"line":15,"column":5}},"15":{"start":{"line":16,"column":0},"end":{"line":16,"column":2}},"16":{"start":{"line":17,"column":0},"end":{"line":17,"column":34}},"17":{"start":{"line":18,"column":0},"end":{"line":18,"column":56}},"18":{"start":{"line":19,"column":0},"end":{"line":19,"column":21}},"19":{"start":{"line":20,"column":0},"end":{"line":20,"column":49}},"20":{"start":{"line":21,"column":0},"end":{"line":21,"column":7}},"21":{"start":{"line":22,"column":0},"end":{"line":22,"column":18}},"22":{"start":{"line":23,"column":0},"end":{"line":23,"column":5}},"23":{"start":{"line":24,"column":0},"end":{"line":24,"column":51}},"24":{"start":{"line":25,"column":0},"end":{"line":25,"column":63}},"25":{"start":{"line":26,"column":0},"end":{"line":26,"column":2}},"26":{"start":{"line":27,"column":0},"end":{"line":27,"column":19}},"27":{"start":{"line":28,"column":0},"end":{"line":28,"column":5}},"28":{"start":{"line":29,"column":0},"end":{"line":29,"column":2}},"29":{"start":{"line":30,"column":0},"end":{"line":30,"column":31}},"30":{"start":{"line":31,"column":0},"end":{"line":31,"column":54}},"31":{"start":{"line":32,"column":0},"end":{"line":32,"column":18}},"32":{"start":{"line":33,"column":0},"end":{"line":33,"column":5}},"33":{"start":{"line":34,"column":0},"end":{"line":34,"column":2}},"34":{"start":{"line":35,"column":0},"end":{"line":35,"column":34}},"35":{"start":{"line":36,"column":0},"end":{"line":36,"column":57}},"36":{"start":{"line":37,"column":0},"end":{"line":37,"column":22}},"37":{"start":{"line":38,"column":0},"end":{"line":38,"column":5}},"38":{"start":{"line":39,"column":0},"end":{"line":39,"column":3}}},"s":{"0":1,"1":1,"2":1,"3":1,"4":1,"5":1,"6":1,"7":1,"8":1,"9":1,"10":1,"11":0,"12":0,"13":1,"14":1,"15":1,"16":1,"17":0,"18":0,"19":0,"20":0,"21":0,"22":0,"23":1,"24":0,"25":0,"26":0,"27":0,"28":1,"29":1,"30":0,"31":0,"32":0,"33":1,"34":1,"35":0,"36":0,"37":0,"38":1},"branchMap":{"0":{"type":"branch","line":5,"loc":{"start":{"line":5,"column":4},"end":{"line":7,"column":5}},"locations":[{"start":{"line":5,"column":4},"end":{"line":7,"column":5}}]},"1":{"type":"branch","line":9,"loc":{"start":{"line":9,"column":10},"end":{"line":15,"column":5}},"locations":[{"start":{"line":9,"column":10},"end":{"line":15,"column":5}}]},"2":{"type":"branch","line":11,"loc":{"start":{"line":11,"column":20},"end":{"line":13,"column":7}},"locations":[{"start":{"line":11,"column":20},"end":{"line":13,"column":7}}]}},"b":{"0":[1],"1":[1],"2":[0]},"fnMap":{"0":{"name":"CatalogService","decl":{"start":{"line":5,"column":4},"end":{"line":7,"column":5}},"loc":{"start":{"line":5,"column":4},"end":{"line":7,"column":5}},"line":5},"1":{"name":"createCart","decl":{"start":{"line":9,"column":10},"end":{"line":15,"column":5}},"loc":{"start":{"line":9,"column":10},"end":{"line":15,"column":5}},"line":9},"2":{"name":"updateCart","decl":{"start":{"line":17,"column":10},"end":{"line":23,"column":5}},"loc":{"start":{"line":17,"column":10},"end":{"line":23,"column":5}},"line":17},"3":{"name":"getCarts","decl":{"start":{"line":24,"column":10},"end":{"line":28,"column":5}},"loc":{"start":{"line":24,"column":10},"end":{"line":28,"column":5}},"line":24},"4":{"name":"getCart","decl":{"start":{"line":30,"column":10},"end":{"line":33,"column":5}},"loc":{"start":{"line":30,"column":10},"end":{"line":33,"column":5}},"line":30},"5":{"name":"deleteCart","decl":{"start":{"line":35,"column":10},"end":{"line":38,"column":5}},"loc":{"start":{"line":35,"column":10},"end":{"line":38,"column":5}},"line":35}},"f":{"0":1,"1":1,"2":0,"3":0,"4":0,"5":0}}
}
