TN:
SF:src\repo\cart_data.ts
FN:14,create
FN:21,update
FN:25,delete
FN:28,find
FN:33,findOne
FNF:5
FNH:1
FNDA:1,create
FNDA:0,update
FNDA:0,delete
FNDA:0,find
FNDA:0,findOne
DA:1,1
DA:2,1
DA:3,1
DA:4,1
DA:5,1
DA:6,1
DA:7,1
DA:8,1
DA:9,1
DA:10,1
DA:11,1
DA:12,1
DA:13,1
DA:14,1
DA:15,1
DA:16,1
DA:17,1
DA:18,1
DA:19,1
DA:20,1
DA:21,1
DA:22,0
DA:23,0
DA:24,0
DA:25,1
DA:26,0
DA:27,0
DA:28,1
DA:29,0
DA:30,0
DA:31,0
DA:32,0
DA:33,1
DA:34,0
DA:35,0
DA:36,1
DA:37,1
LF:37
LH:26
BRDA:14,0,0,1
BRF:1
BRH:1
end_of_record
TN:
SF:src\service\cart_service.ts
FN:5,CatalogService
FN:9,createCart
FN:17,updateCart
FN:24,getCarts
FN:30,getCart
FN:35,deleteCart
FNF:6
FNH:2
FNDA:1,CatalogService
FNDA:1,createCart
FNDA:0,updateCart
FNDA:0,getCarts
FNDA:0,getCart
FNDA:0,deleteCart
DA:1,1
DA:2,1
DA:3,1
DA:4,1
DA:5,1
DA:6,1
DA:7,1
DA:8,1
DA:9,1
DA:10,1
DA:11,1
DA:12,0
DA:13,0
DA:14,1
DA:15,1
DA:16,1
DA:17,1
DA:18,0
DA:19,0
DA:20,0
DA:21,0
DA:22,0
DA:23,0
DA:24,1
DA:25,0
DA:26,0
DA:27,0
DA:28,0
DA:29,1
DA:30,1
DA:31,0
DA:32,0
DA:33,0
DA:34,1
DA:35,1
DA:36,0
DA:37,0
DA:38,0
DA:39,1
LF:39
LH:21
BRDA:5,0,0,1
BRDA:9,1,0,1
BRDA:11,2,0,0
BRF:3
BRH:2
end_of_record
