TN:
SF:src\repo\mockData.ts
FN:5,create
FN:12,update
FN:15,delete
FN:18,find
FN:21,findOne
FNF:5
FNH:1
FNDA:1,create
FNDA:0,update
FNDA:0,delete
FNDA:0,find
FNDA:0,findOne
DA:1,1
DA:2,1
DA:3,1
DA:4,1
DA:5,1
DA:6,1
DA:7,1
DA:8,1
DA:9,1
DA:10,1
DA:11,1
DA:12,1
DA:13,0
DA:14,0
DA:15,1
DA:16,0
DA:17,0
DA:18,1
DA:19,0
DA:20,0
DA:21,1
DA:22,0
DA:23,0
DA:24,1
DA:25,1
LF:25
LH:17
BRDA:5,0,0,1
BRF:1
BRH:1
end_of_record
TN:
SF:src\services\configServices.ts
FN:6,CatalogService
FN:10,createProduct
FN:18,updateProduct
FN:31,getProduct
FN:36,deleteProduct
FNF:5
FNH:2
FNDA:3,CatalogService
FNDA:3,createProduct
FNDA:0,updateProduct
FNDA:0,getProduct
FNDA:0,deleteProduct
DA:1,1
DA:2,1
DA:3,1
DA:4,1
DA:5,1
DA:6,1
DA:7,3
DA:8,3
DA:9,1
DA:10,1
DA:11,3
DA:12,3
DA:13,1
DA:14,1
DA:15,1
DA:16,1
DA:17,1
DA:18,1
DA:19,0
DA:20,0
DA:21,0
DA:22,0
DA:23,0
DA:24,0
DA:25,1
DA:26,1
DA:27,1
DA:28,1
DA:29,1
DA:30,1
DA:31,1
DA:32,0
DA:33,0
DA:34,0
DA:35,1
DA:36,1
DA:37,0
DA:38,0
DA:39,0
DA:40,1
LF:40
LH:28
BRDA:6,0,0,3
BRDA:10,1,0,3
BRDA:12,2,0,2
BRDA:12,3,0,1
BRF:4
BRH:4
end_of_record
